#TYPE System.IO.FileInfo
"PSPath","PSParentPath","PSChildName","PSDrive","PSProvider","PSIsContainer","Mode","VersionInfo","BaseName","Target","LinkType","Name","Length","DirectoryName","Directory","IsReadOnly","Exists","FullName","Extension","CreationTime","CreationTimeUtc","LastAccessTime","LastAccessTimeUtc","LastWriteTime","LastWriteTimeUtc","Attributes"
"Microsoft.PowerShell.Core\FileSystem::C:\Users\champuser\SYS320\week2\dhcp-server-ip.ps1","Microsoft.PowerShell.Core\FileSystem::C:\Users\champuser\SYS320\week2","dhcp-server-ip.ps1","C","Microsoft.PowerShell.Core\FileSystem","False","-a----","File:             C:\Users\champuser\SYS320\week2\dhcp-server-ip.ps1
InternalName:     
OriginalFilename: 
FileVersion:      
FileDescription:  
Product:          
ProductVersion:   
Debug:            False
Patched:          False
PreRelease:       False
PrivateBuild:     False
SpecialBuild:     False
Language:         
","dhcp-server-ip","System.Collections.Generic.List`1[System.String]",,"dhcp-server-ip.ps1","181","C:\Users\champuser\SYS320\week2","C:\Users\champuser\SYS320\week2","False","True","C:\Users\champuser\SYS320\week2\dhcp-server-ip.ps1",".ps1","9/9/2024 3:56:11 PM","9/9/2024 7:56:11 PM","9/9/2024 3:56:12 PM","9/9/2024 7:56:12 PM","9/9/2024 3:56:12 PM","9/9/2024 7:56:12 PM","Archive"
"Microsoft.PowerShell.Core\FileSystem::C:\Users\champuser\SYS320\week2\dir-listing.ps1","Microsoft.PowerShell.Core\FileSystem::C:\Users\champuser\SYS320\week2","dir-listing.ps1","C","Microsoft.PowerShell.Core\FileSystem","False","-a----","File:             C:\Users\champuser\SYS320\week2\dir-listing.ps1
InternalName:     
OriginalFilename: 
FileVersion:      
FileDescription:  
Product:          
ProductVersion:   
Debug:            False
Patched:          False
PreRelease:       False
PrivateBuild:     False
SpecialBuild:     False
Language:         
","dir-listing","System.Collections.Generic.List`1[System.String]",,"dir-listing.ps1","1220","C:\Users\champuser\SYS320\week2","C:\Users\champuser\SYS320\week2","False","True","C:\Users\champuser\SYS320\week2\dir-listing.ps1",".ps1","9/23/2024 11:45:57 AM","9/23/2024 3:45:57 PM","10/16/2024 10:43:07 PM","10/17/2024 2:43:07 AM","10/16/2024 10:43:07 PM","10/17/2024 2:43:07 AM","Archive"
"Microsoft.PowerShell.Core\FileSystem::C:\Users\champuser\SYS320\week2\dns-server-ip.ps1","Microsoft.PowerShell.Core\FileSystem::C:\Users\champuser\SYS320\week2","dns-server-ip.ps1","C","Microsoft.PowerShell.Core\FileSystem","False","-a----","File:             C:\Users\champuser\SYS320\week2\dns-server-ip.ps1
InternalName:     
OriginalFilename: 
FileVersion:      
FileDescription:  
Product:          
ProductVersion:   
Debug:            False
Patched:          False
PreRelease:       False
PrivateBuild:     False
SpecialBuild:     False
Language:         
","dns-server-ip","System.Collections.Generic.List`1[System.String]",,"dns-server-ip.ps1","155","C:\Users\champuser\SYS320\week2","C:\Users\champuser\SYS320\week2","False","True","C:\Users\champuser\SYS320\week2\dns-server-ip.ps1",".ps1","9/10/2024 2:56:54 PM","9/10/2024 6:56:54 PM","9/10/2024 2:56:55 PM","9/10/2024 6:56:55 PM","9/10/2024 2:56:55 PM","9/10/2024 6:56:55 PM","Archive"
"Microsoft.PowerShell.Core\FileSystem::C:\Users\champuser\SYS320\week2\ipv4-prefix-length.ps1","Microsoft.PowerShell.Core\FileSystem::C:\Users\champuser\SYS320\week2","ipv4-prefix-length.ps1","C","Microsoft.PowerShell.Core\FileSystem","False","-a----","File:             C:\Users\champuser\SYS320\week2\ipv4-prefix-length.ps1
InternalName:     
OriginalFilename: 
FileVersion:      
FileDescription:  
Product:          
ProductVersion:   
Debug:            False
Patched:          False
PreRelease:       False
PrivateBuild:     False
SpecialBuild:     False
Language:         
","ipv4-prefix-length","System.Collections.Generic.List`1[System.String]",,"ipv4-prefix-length.ps1","189","C:\Users\champuser\SYS320\week2","C:\Users\champuser\SYS320\week2","False","True","C:\Users\champuser\SYS320\week2\ipv4-prefix-length.ps1",".ps1","9/2/2024 11:24:07 AM","9/2/2024 3:24:07 PM","9/2/2024 11:24:07 AM","9/2/2024 3:24:07 PM","9/2/2024 11:24:07 AM","9/2/2024 3:24:07 PM","Archive"
"Microsoft.PowerShell.Core\FileSystem::C:\Users\champuser\SYS320\week2\ipv4.ps1","Microsoft.PowerShell.Core\FileSystem::C:\Users\champuser\SYS320\week2","ipv4.ps1","C","Microsoft.PowerShell.Core\FileSystem","False","-a----","File:             C:\Users\champuser\SYS320\week2\ipv4.ps1
InternalName:     
OriginalFilename: 
FileVersion:      
FileDescription:  
Product:          
ProductVersion:   
Debug:            False
Patched:          False
PreRelease:       False
PrivateBuild:     False
SpecialBuild:     False
Language:         
","ipv4","System.Collections.Generic.List`1[System.String]",,"ipv4.ps1","180","C:\Users\champuser\SYS320\week2","C:\Users\champuser\SYS320\week2","False","True","C:\Users\champuser\SYS320\week2\ipv4.ps1",".ps1","9/2/2024 11:17:57 AM","9/2/2024 3:17:57 PM","9/2/2024 11:17:57 AM","9/2/2024 3:17:57 PM","9/2/2024 11:17:57 AM","9/2/2024 3:17:57 PM","Archive"
"Microsoft.PowerShell.Core\FileSystem::C:\Users\champuser\SYS320\week2\win32_lib.ps1","Microsoft.PowerShell.Core\FileSystem::C:\Users\champuser\SYS320\week2","win32_lib.ps1","C","Microsoft.PowerShell.Core\FileSystem","False","-a----","File:             C:\Users\champuser\SYS320\week2\win32_lib.ps1
InternalName:     
OriginalFilename: 
FileVersion:      
FileDescription:  
Product:          
ProductVersion:   
Debug:            False
Patched:          False
PreRelease:       False
PrivateBuild:     False
SpecialBuild:     False
Language:         
","win32_lib","System.Collections.Generic.List`1[System.String]",,"win32_lib.ps1","167","C:\Users\champuser\SYS320\week2","C:\Users\champuser\SYS320\week2","False","True","C:\Users\champuser\SYS320\week2\win32_lib.ps1",".ps1","9/9/2024 3:50:27 PM","9/9/2024 7:50:27 PM","9/9/2024 3:50:27 PM","9/9/2024 7:50:27 PM","9/9/2024 3:50:27 PM","9/9/2024 7:50:27 PM","Archive"
